<?xml version="1.0" encoding="UTF-8"?>
<!-- Generated by org.testng.reporters.JUnitReportReporter -->
<testsuite hostname="Priya" failures="0" tests="1" name="com.facebook.qa.testcases.LoginPageTest" time="4.151" errors="0" timestamp="2022-12-19T01:18:58 IST" skipped="0">
  <testcase classname="com.facebook.qa.testcases.LoginPageTest" name="loginTest" time="4.151"/>
  <system-out/>
</testsuite> <!-- com.facebook.qa.testcases.LoginPageTest -->
