<?xml version="1.0" encoding="UTF-8"?>
<!-- Generated by org.testng.reporters.JUnitReportReporter -->
<testsuite hostname="Priya" failures="0" tests="1" name="com.facebook.qa.testcases.HomePageTest" time="7.971" errors="0" timestamp="2022-12-15T01:08:06 IST" skipped="0">
  <testcase classname="com.facebook.qa.testcases.HomePageTest" name="verifyHomePageTitleTest" time="7.971"/>
  <system-out/>
</testsuite> <!-- com.facebook.qa.testcases.HomePageTest -->
